<?xml version="1.0" encoding="UTF-8"?>
<testng-results ignored="0" total="1" passed="1" failed="0" skipped="0">
  <reporter-output>
  </reporter-output>
  <suite started-at="2023-11-02T17:54:32 EDT" name="Default suite" finished-at="2023-11-02T17:54:44 EDT" duration-ms="12436">
    <groups>
    </groups>
    <test started-at="2023-11-02T17:54:32 EDT" name="Default test" finished-at="2023-11-02T17:54:44 EDT" duration-ms="12436">
      <class name="com.testing.practice.FirstClass">
        <test-method is-config="true" signature="setupReport()[pri:0, instance:com.testing.practice.FirstClass@1fb700ee]" started-at="2023-11-02T17:54:32 EDT" name="setupReport" finished-at="2023-11-02T17:54:32 EDT" duration-ms="168" status="PASS">
          <reporter-output>
          </reporter-output>
        </test-method> <!-- setupReport -->
        <test-method signature="getover()[pri:0, instance:com.testing.practice.FirstClass@1fb700ee]" started-at="2023-11-02T17:54:32 EDT" name="getover" finished-at="2023-11-02T17:54:44 EDT" duration-ms="12229" status="PASS">
          <reporter-output>
          </reporter-output>
        </test-method> <!-- getover -->
        <test-method is-config="true" signature="printTestReport()[pri:0, instance:com.testing.practice.FirstClass@1fb700ee]" started-at="2023-11-02T17:54:44 EDT" name="printTestReport" finished-at="2023-11-02T17:54:44 EDT" duration-ms="2" status="PASS">
          <reporter-output>
          </reporter-output>
        </test-method> <!-- printTestReport -->
      </class> <!-- com.testing.practice.FirstClass -->
    </test> <!-- Default test -->
  </suite> <!-- Default suite -->
</testng-results>
